<?xml version="1.0" encoding="UTF-8"?>
<!-- Generated by org.testng.reporters.JUnitXMLReporter -->
<testsuite ignored="0" hostname="DESKTOP-5DKC90P" failures="0" tests="4" name="Test" time="7.153" errors="0" timestamp="2022-08-28T20:49:49 IST">
  <testcase classname="ApiTesting.RestAssuredTest.RestAssuredApiTest" name="GetBookHeaders" time="3.903"/>
  <testcase classname="ApiTesting.RestAssuredTest.RestAssuredApiTest" name="IteratingHeaders" time="0.929"/>
  <testcase classname="ApiTesting.RestAssuredTest.RestAssuredApiTest" name="ValidateBookHeaders" time="1.016"/>
  <testcase classname="ApiTesting.RestAssuredTest.RestAssuredApiTest" name="getBookDetails" time="1.232"/>
</testsuite> <!-- Test -->
