<?xml version="1.0" encoding="UTF-8"?>
<testsuite xmlns:xsi="http://www.w3.org/2001/XMLSchema-instance" xsi:noNamespaceSchemaLocation="https://maven.apache.org/surefire/maven-surefire-plugin/xsd/surefire-test-report.xsd" name="TestSuite" time="8.145" tests="4" errors="0" skipped="0" failures="0">
  <properties>
[...]
</properties>
  <testcase name="GetBookHeaders" classname="ApiTesting.RestAssuredTest.RestAssuredApiTest" time="3.911"/>
  <testcase name="IteratingHeaders" classname="ApiTesting.RestAssuredTest.RestAssuredApiTest" time="0.924"/>
  <testcase name="ValidateBookHeaders" classname="ApiTesting.RestAssuredTest.RestAssuredApiTest" time="1.011"/>
  <testcase name="getBookDetails" classname="ApiTesting.RestAssuredTest.RestAssuredApiTest" time="1.301"/>
</testsuite>