<?xml version="1.0" encoding="UTF-8"?>
<testng-results ignored="0" total="4" passed="4" failed="0" skipped="0">
  <reporter-output>
  </reporter-output>
  <suite started-at="2022-08-28T20:49:41 IST" name="Suite" finished-at="2022-08-28T20:49:49 IST" duration-ms="7153">
    <groups>
    </groups>
    <test started-at="2022-08-28T20:49:41 IST" name="Test" finished-at="2022-08-28T20:49:49 IST" duration-ms="7153">
      <class name="ApiTesting.RestAssuredTest.RestAssuredApiTest">
        <test-method signature="GetBookHeaders()[pri:0, instance:ApiTesting.RestAssuredTest.RestAssuredApiTest@3d34d211]" started-at="2022-08-28T20:49:41 IST" name="GetBookHeaders" finished-at="2022-08-28T20:49:45 IST" duration-ms="3903" status="PASS">
          <reporter-output>
          </reporter-output>
        </test-method> <!-- GetBookHeaders -->
        <test-method signature="IteratingHeaders()[pri:0, instance:ApiTesting.RestAssuredTest.RestAssuredApiTest@3d34d211]" started-at="2022-08-28T20:49:45 IST" name="IteratingHeaders" finished-at="2022-08-28T20:49:46 IST" duration-ms="929" status="PASS">
          <reporter-output>
          </reporter-output>
        </test-method> <!-- IteratingHeaders -->
        <test-method signature="ValidateBookHeaders()[pri:0, instance:ApiTesting.RestAssuredTest.RestAssuredApiTest@3d34d211]" started-at="2022-08-28T20:49:46 IST" name="ValidateBookHeaders" finished-at="2022-08-28T20:49:47 IST" duration-ms="1016" status="PASS">
          <reporter-output>
          </reporter-output>
        </test-method> <!-- ValidateBookHeaders -->
        <test-method signature="getBookDetails()[pri:0, instance:ApiTesting.RestAssuredTest.RestAssuredApiTest@3d34d211]" started-at="2022-08-28T20:49:47 IST" name="getBookDetails" finished-at="2022-08-28T20:49:49 IST" duration-ms="1232" status="PASS">
          <reporter-output>
          </reporter-output>
        </test-method> <!-- getBookDetails -->
      </class> <!-- ApiTesting.RestAssuredTest.RestAssuredApiTest -->
    </test> <!-- Test -->
  </suite> <!-- Suite -->
</testng-results>
