<?xml version="1.0" encoding="UTF-8"?>
<testng-results ignored="0" total="1" passed="1" failed="0" skipped="0">
  <reporter-output>
  </reporter-output>
  <suite started-at="2022-09-18T01:28:12 IST" name="Default suite" finished-at="2022-09-18T01:28:16 IST" duration-ms="3754">
    <groups>
    </groups>
    <test started-at="2022-09-18T01:28:12 IST" name="Default test" finished-at="2022-09-18T01:28:16 IST" duration-ms="3754">
      <class name="allMethods.GetMethods">
        <test-method signature="get1()[pri:0, instance:allMethods.GetMethods@732c2a62]" started-at="2022-09-18T01:28:12 IST" name="get1" finished-at="2022-09-18T01:28:16 IST" duration-ms="3669" status="PASS">
          <reporter-output>
          </reporter-output>
        </test-method> <!-- get1 -->
      </class> <!-- allMethods.GetMethods -->
    </test> <!-- Default test -->
  </suite> <!-- Default suite -->
</testng-results>
